Build started 08/04/2015 00:53:45.
     1>Project "C:\Users\Bogdan\Documents\Visual Studio 2013\Projects\Canis Majoris\TestFramework\TestFramework.vcxproj" on node 2 (Build target(s)).
     1>Link:
         E:\Programs\Microsoft Visual Studio 12.0\VC\bin\link.exe /ERRORREPORT:PROMPT /OUT:"C:\Users\Bogdan\Documents\Visual Studio 2013\Projects\Canis Majoris\Debug\TestFramework.exe" /INCREMENTAL /NOLOGO /LIBPATH:"C:\Users\Bogdan\Documents\Visual Studio 2013\Projects\Canis Majoris\Canis Majoris\Debug" kernel32.lib user32.lib gdi32.lib winspool.lib comdlg32.lib advapi32.lib shell32.lib ole32.lib oleaut32.lib uuid.lib odbc32.lib odbccp32.lib /MANIFEST /MANIFESTUAC:"level='asInvoker' uiAccess='false'" /manifest:embed /DEBUG /PDB:"C:\Users\Bogdan\Documents\Visual Studio 2013\Projects\Canis Majoris\Debug\TestFramework.pdb" /SUBSYSTEM:CONSOLE /TLBID:1 /DYNAMICBASE /NXCOMPAT /IMPLIB:"C:\Users\Bogdan\Documents\Visual Studio 2013\Projects\Canis Majoris\Debug\TestFramework.lib" /MACHINE:X86 Debug\MathTest.obj
         Debug\UnitTestGroup.obj
         Debug\TestFramework.obj
     1>MathTest.obj : error LNK2019: unresolved external symbol "public: __thiscall Vector3::Vector3(float,float,float,bool)" (??0Vector3@@QAE@MMM_N@Z) referenced in function "void __cdecl TestFramework::`dynamic initializer for 'v3A''(void)" (??__Ev3A@TestFramework@@YAXXZ)
     1>MathTest.obj : error LNK2019: unresolved external symbol "class std::basic_ostream<char,struct std::char_traits<char> > & __cdecl operator<<(class std::basic_ostream<char,struct std::char_traits<char> > &,class Vector3 const &)" (??6@YAAAV?$basic_ostream@DU?$char_traits@D@std@@@std@@AAV01@ABVVector3@@@Z) referenced in function "public: virtual void __thiscall TestFramework::MathTest::ExecuteAllTests(void)" (?ExecuteAllTests@MathTest@TestFramework@@UAEXXZ)
     1>MathTest.obj : error LNK2019: unresolved external symbol "bool & __cdecl operator==(class Vector3 const &,class Vector3 const &)" (??8@YAAA_NABVVector3@@0@Z) referenced in function "public: virtual void __thiscall TestFramework::MathTest::ExecuteAllTests(void)" (?ExecuteAllTests@MathTest@TestFramework@@UAEXXZ)
     1>MathTest.obj : error LNK2019: unresolved external symbol "class Vector3 & __cdecl operator+(class Vector3 const &,class Vector3 const &)" (??H@YAAAVVector3@@ABV0@0@Z) referenced in function "public: virtual void __thiscall TestFramework::MathTest::ExecuteAllTests(void)" (?ExecuteAllTests@MathTest@TestFramework@@UAEXXZ)
     1>MathTest.obj : error LNK2019: unresolved external symbol "public: __thiscall Vector3::~Vector3(void)" (??1Vector3@@QAE@XZ) referenced in function "void __cdecl TestFramework::`dynamic atexit destructor for 'v3A''(void)" (??__Fv3A@TestFramework@@YAXXZ)
     1>C:\Users\Bogdan\Documents\Visual Studio 2013\Projects\Canis Majoris\Debug\TestFramework.exe : fatal error LNK1120: 5 unresolved externals
     1>Done Building Project "C:\Users\Bogdan\Documents\Visual Studio 2013\Projects\Canis Majoris\TestFramework\TestFramework.vcxproj" (Build target(s)) -- FAILED.

Build FAILED.

Time Elapsed 00:00:00.65
